<?xml version="1.0" encoding="UTF-8"?>
<!-- Generated by org.testng.reporters.JUnitReportReporter -->
<testsuite hostname="Abhisheks-MacBook.local" failures="0" tests="1" name="com.pos.testcases.LoginPageTest" time="8.433" errors="0" timestamp="2021-06-01T22:28:17 IST" skipped="0">
  <testcase classname="com.pos.testcases.LoginPageTest" name="blankUsernameTest" time="8.433"/>
  <system-out/>
</testsuite> <!-- com.pos.testcases.LoginPageTest -->
