<?xml version="1.0" encoding="UTF-8"?>
<!-- Generated by org.testng.reporters.JUnitReportReporter -->
<testsuite hostname="Abhisheks-MacBook.local" failures="0" tests="1" name="com.pos.testcases.SiteSelectionTest" time="15.185" errors="0" timestamp="2021-06-01T19:51:46 IST" skipped="0">
  <testcase classname="com.pos.testcases.SiteSelectionTest" name="clickOnSiteLink" time="15.185"/>
  <system-out/>
</testsuite> <!-- com.pos.testcases.SiteSelectionTest -->
